
> veriqko-web@0.1.0 dev
> vite --host 0.0.0.0 --port 3000


  VITE v5.4.21  ready in 411 ms

  ➜  Local:   http://localhost:3000/
  ➜  Network: http://172.20.10.2:3000/
  ➜  Network: http://192.168.20.249:3000/
4:09:31 PM [vite] hmr update /src/index.css
4:10:07 PM [vite] hmr update /src/features/dashboard/DashboardPage.tsx, /src/index.css
4:10:28 PM [vite] hmr update /src/components/layout/AppShell.tsx, /src/index.css
4:25:20 PM [vite] hmr update /src/features/settings/SettingsLayout.tsx, /src/index.css
4:25:59 PM [vite] hmr update /src/App.tsx, /src/index.css
4:27:11 PM [vite] hmr update /src/features/intake/IntakeNewPage.tsx, /src/index.css
4:27:34 PM [vite] hmr update /src/index.css
4:28:01 PM [vite] hmr update /src/features/intake/IntakeNewPage.tsx, /src/index.css
4:37:26 PM [vite] hmr update /src/features/auth/LoginPage.tsx, /src/index.css
4:44:33 PM [vite] hmr update /src/features/intake/IntakeNewPage.tsx, /src/index.css
4:46:16 PM [vite] hmr update /src/features/intake/IntakeNewPage.tsx, /src/index.css
4:53:09 PM [vite] hmr update /src/features/intake/IntakeNewPage.tsx, /src/index.css
8:09:35 AM [vite] hmr update /src/features/reports/ReportsPage.tsx, /src/index.css, /src/features/users/NewUserPage.tsx, /src/features/users/UsersPage.tsx, /src/features/search/SearchPage.tsx, /src/features/intake/IntakeNewPage.tsx, /src/features/users/UserDetailPage.tsx, /src/features/admin/DeviceTypesPage.tsx, /src/features/settings/LabelLayoutsPage.tsx, /src/features/qc/QcPage.tsx, /src/features/admin/TemplatesPage.tsx, /src/features/settings/PrintersPage.tsx, /src/features/settings/IntegrationsPage.tsx, /src/features/admin/StationsPage.tsx, /src/features/runner/RunnerPage.tsx, /src/features/settings/FeaturesPage.tsx, /src/features/floor/LiveFloorPage.tsx, /src/features/dashboard/DashboardPage.tsx, /src/features/dashboard/AnalyticsView.tsx, /src/features/auth/LoginPage.tsx, /src/features/admin/SystemPage.tsx, /src/features/jobs/NewJobPage.tsx, /src/features/jobs/JobsPage.tsx, /src/features/portal/CustomerDashboard.tsx, /src/features/jobs/JobDetailPage.tsx, /src/features/runner/components/PartsSelector.tsx, /src/features/printing/components/PrintLabelModal.tsx, /src/features/settings/InventorySettings.tsx
8:10:08 AM [vite] hmr update /src/features/runner/RunnerPage.tsx, /src/index.css
8:10:46 AM [vite] hmr update /src/features/runner/RunnerPage.tsx, /src/index.css
8:11:06 AM [vite] hmr update /src/features/runner/RunnerPage.tsx, /src/index.css
8:17:40 AM [vite] hmr update /src/features/runner/RunnerPage.tsx, /src/index.css
